<?xml version="1.0" encoding="UTF-8"?>
<!-- Generated by org.testng.reporters.JUnitReportReporter -->
<testsuite skipped="1" hostname="DESKTOP-L8PSD3B" name="day1.PositiveTest" tests="5" failures="0" timestamp="09 Nov 2021 10:09:54 GMT" time="6.901" errors="0">
  <testcase name="getSpecificContact" time="0.490" classname="day1.PositiveTest"/>
  <testcase name="deleteSpecificContact" time="0.458" classname="day1.PositiveTest"/>
  <testcase name="addContact" time="5.477" classname="day1.PositiveTest"/>
  <testcase name="updateSpecificContact" time="0.476" classname="day1.PositiveTest"/>
  <testcase name="getAllContactList" classname="day1.PositiveTest">
    <skipped/>
  </testcase> <!-- getAllContactList -->
</testsuite> <!-- day1.PositiveTest -->
