<?xml version="1.0" encoding="UTF-8"?>
<!-- Generated by org.testng.reporters.JUnitReportReporter -->
<testsuite skipped="2" hostname="DESKTOP-L8PSD3B" name="day1.OpenWeatherAPI" tests="3" failures="0" timestamp="09 Nov 2021 07:06:07 GMT" time="1.965" errors="0">
  <testcase name="getWeatherInfo2" time="1.965" classname="day1.OpenWeatherAPI"/>
  <testcase name="getWeatherInfo3" classname="day1.OpenWeatherAPI">
    <skipped/>
  </testcase> <!-- getWeatherInfo3 -->
  <testcase name="getWeatherInfo" classname="day1.OpenWeatherAPI">
    <skipped/>
  </testcase> <!-- getWeatherInfo -->
</testsuite> <!-- day1.OpenWeatherAPI -->
