<?xml version="1.0" encoding="UTF-8"?>
<!-- Generated by org.testng.reporters.JUnitReportReporter -->
<testsuite skipped="1" hostname="DESKTOP-L8PSD3B" name="day1.GitHubExample" tests="2" failures="0" timestamp="09 Nov 2021 12:02:49 GMT" time="3.168" errors="0">
  <testcase name="addRepository" time="3.168" classname="day1.GitHubExample"/>
  <testcase name="getAllRepo" classname="day1.GitHubExample">
    <skipped/>
  </testcase> <!-- getAllRepo -->
</testsuite> <!-- day1.GitHubExample -->
